<?xml version="1.0" encoding="UTF-8"?>
<!-- Generated by org.testng.reporters.JUnitReportReporter -->
<testsuite hostname="LAPTOP-V3EMUFAV" name="testNG.YoutubeTest" tests="3" failures="0" timestamp="24 Aug 2016 01:54:35 GMT" time="8.976" errors="0">
  <testcase name="songSearch" time="2.248" classname="testNG.YoutubeTest"/>
  <testcase name="searchClick" time="2.465" classname="testNG.YoutubeTest"/>
  <testcase name="songSelect" time="4.263" classname="testNG.YoutubeTest"/>
</testsuite> <!-- testNG.YoutubeTest -->
