<?xml version="1.0" encoding="UTF-8"?>
<!-- Generated by org.testng.reporters.JUnitReportReporter -->
<testsuite hostname="LAPTOP-V3EMUFAV" name="testNG.TestExmple" tests="2" failures="0" timestamp="24 Aug 2016 01:54:35 GMT" time="0.007" errors="0">
  <testcase name="name" time="0.006" classname="testNG.TestExmple"/>
  <testcase name="tech" time="0.001" classname="testNG.TestExmple"/>
</testsuite> <!-- testNG.TestExmple -->
